{"@timestamp":"2025-08-20T17:23:09.7423828+03:00","@version":"1","message":"HV000001: Hibernate Validator 8.0.1.Final","logger_name":"org.hibernate.validator.internal.util.Version","thread_name":"background-preinit","level":"INFO","level_value":20000}
{"@timestamp":"2025-08-20T17:23:09.8173749+03:00","@version":"1","message":"Starting DmsInsuranceApplication using Java 17.0.16 with PID 5080 (C:\\Users\\AlexZ\\IdeaProjects\\MyCare\\services\\dms-insurance\\dms-impl\\target\\classes started by AlexZ in C:\\Users\\AlexZ\\IdeaProjects\\MyCare\\services\\dms-insurance)","logger_name":"ru.astondevs.mycare.DmsInsuranceApplication","thread_name":"main","level":"INFO","level_value":20000}
{"@timestamp":"2025-08-20T17:23:09.8193857+03:00","@version":"1","message":"No active profile set, falling back to 1 default profile: \"default\"","logger_name":"ru.astondevs.mycare.DmsInsuranceApplication","thread_name":"main","level":"INFO","level_value":20000}
{"@timestamp":"2025-08-20T17:23:12.2589461+03:00","@version":"1","message":"Bootstrapping Spring Data JPA repositories in DEFAULT mode.","logger_name":"org.springframework.data.repository.config.RepositoryConfigurationDelegate","thread_name":"main","level":"INFO","level_value":20000}
{"@timestamp":"2025-08-20T17:23:12.5354887+03:00","@version":"1","message":"Finished Spring Data repository scanning in 263 ms. Found 6 JPA repository interfaces.","logger_name":"org.springframework.data.repository.config.RepositoryConfigurationDelegate","thread_name":"main","level":"INFO","level_value":20000}
{"@timestamp":"2025-08-20T17:23:13.1770501+03:00","@version":"1","message":"BeanFactory id=736a5f96-aaeb-3af9-b87c-d42c15ce3d1d","logger_name":"org.springframework.cloud.context.scope.GenericScope","thread_name":"main","level":"INFO","level_value":20000}
{"@timestamp":"2025-08-20T17:23:14.4268106+03:00","@version":"1","message":"Bean 'org.springframework.cloud.client.loadbalancer.LoadBalancerAutoConfiguration$DeferringLoadBalancerInterceptorConfig' of type [org.springframework.cloud.client.loadbalancer.LoadBalancerAutoConfiguration$DeferringLoadBalancerInterceptorConfig] is not eligible for getting processed by all BeanPostProcessors (for example: not eligible for auto-proxying). The currently created BeanPostProcessor [lbRestClientPostProcessor] is declared through a non-static factory method on that class; consider declaring it as static instead.","logger_name":"org.springframework.context.support.PostProcessorRegistrationDelegate$BeanPostProcessorChecker","thread_name":"main","level":"WARN","level_value":30000}
{"@timestamp":"2025-08-20T17:23:14.4340928+03:00","@version":"1","message":"Bean 'deferringLoadBalancerInterceptor' of type [org.springframework.cloud.client.loadbalancer.DeferringLoadBalancerInterceptor] is not eligible for getting processed by all BeanPostProcessors (for example: not eligible for auto-proxying). Is this bean getting eagerly injected into a currently created BeanPostProcessor [lbRestClientPostProcessor]? Check the corresponding BeanPostProcessor declaration and its dependencies.","logger_name":"org.springframework.context.support.PostProcessorRegistrationDelegate$BeanPostProcessorChecker","thread_name":"main","level":"WARN","level_value":30000}
{"@timestamp":"2025-08-20T17:23:14.9085619+03:00","@version":"1","message":"Tomcat initialized with port 8084 (http)","logger_name":"org.springframework.boot.web.embedded.tomcat.TomcatWebServer","thread_name":"main","level":"INFO","level_value":20000}
{"@timestamp":"2025-08-20T17:23:14.9227683+03:00","@version":"1","message":"Initializing ProtocolHandler [\"http-nio-8084\"]","logger_name":"org.apache.coyote.http11.Http11NioProtocol","thread_name":"main","level":"INFO","level_value":20000}
{"@timestamp":"2025-08-20T17:23:14.9257752+03:00","@version":"1","message":"Starting service [Tomcat]","logger_name":"org.apache.catalina.core.StandardService","thread_name":"main","level":"INFO","level_value":20000}
{"@timestamp":"2025-08-20T17:23:14.9257752+03:00","@version":"1","message":"Starting Servlet engine: [Apache Tomcat/10.1.19]","logger_name":"org.apache.catalina.core.StandardEngine","thread_name":"main","level":"INFO","level_value":20000}
{"@timestamp":"2025-08-20T17:23:15.0557054+03:00","@version":"1","message":"Initializing Spring embedded WebApplicationContext","logger_name":"org.apache.catalina.core.ContainerBase.[Tomcat].[localhost].[/]","thread_name":"main","level":"INFO","level_value":20000}
{"@timestamp":"2025-08-20T17:23:15.0557054+03:00","@version":"1","message":"Root WebApplicationContext: initialization completed in 5162 ms","logger_name":"org.springframework.boot.web.servlet.context.ServletWebServerApplicationContext","thread_name":"main","level":"INFO","level_value":20000}
{"@timestamp":"2025-08-20T17:23:15.5763227+03:00","@version":"1","message":"HikariPool-1 - Starting...","logger_name":"com.zaxxer.hikari.HikariDataSource","thread_name":"main","level":"INFO","level_value":20000}
{"@timestamp":"2025-08-20T17:23:15.7719358+03:00","@version":"1","message":"HikariPool-1 - Added connection org.postgresql.jdbc.PgConnection@299ea986","logger_name":"com.zaxxer.hikari.pool.HikariPool","thread_name":"main","level":"INFO","level_value":20000}
{"@timestamp":"2025-08-20T17:23:15.7740862+03:00","@version":"1","message":"HikariPool-1 - Start completed.","logger_name":"com.zaxxer.hikari.HikariDataSource","thread_name":"main","level":"INFO","level_value":20000}
{"@timestamp":"2025-08-20T17:23:16.5690926+03:00","@version":"1","message":"Creating database history table with name: dms_service.databasechangelog","logger_name":"liquibase.changelog","thread_name":"main","level":"INFO","level_value":20000}
{"@timestamp":"2025-08-20T17:23:16.709796+03:00","@version":"1","message":"Reading from dms_service.databasechangelog","logger_name":"liquibase.changelog","thread_name":"main","level":"INFO","level_value":20000}
{"@timestamp":"2025-08-20T17:23:16.8977285+03:00","@version":"1","message":"Successfully acquired change log lock","logger_name":"liquibase.lockservice","thread_name":"main","level":"INFO","level_value":20000}
{"@timestamp":"2025-08-20T17:23:16.9005556+03:00","@version":"1","message":"Using deploymentId: 5699796900","logger_name":"liquibase.command","thread_name":"main","level":"INFO","level_value":20000}
{"@timestamp":"2025-08-20T17:23:16.9031856+03:00","@version":"1","message":"Reading from dms_service.databasechangelog","logger_name":"liquibase.changelog","thread_name":"main","level":"INFO","level_value":20000}
{"@timestamp":"2025-08-20T17:23:16.9870155+03:00","@version":"1","message":"ChangeSet db/changelog/changelog-master.yml::initial db schema::Filipp Stavcev ran successfully in 5ms","logger_name":"liquibase.changelog","thread_name":"main","level":"INFO","level_value":20000}
{"@timestamp":"2025-08-20T17:23:17.0313692+03:00","@version":"1","message":"SQL in file db/changelog/v1.0/sql/init-db-enums.sql executed","logger_name":"liquibase.changelog","thread_name":"main","level":"INFO","level_value":20000}
{"@timestamp":"2025-08-20T17:23:17.0438559+03:00","@version":"1","message":"Table dms_program created","logger_name":"liquibase.changelog","thread_name":"main","level":"INFO","level_value":20000}
{"@timestamp":"2025-08-20T17:23:17.0798386+03:00","@version":"1","message":"Table dms_insurance created","logger_name":"liquibase.changelog","thread_name":"main","level":"INFO","level_value":20000}
{"@timestamp":"2025-08-20T17:23:17.0915608+03:00","@version":"1","message":"Table agreement created","logger_name":"liquibase.changelog","thread_name":"main","level":"INFO","level_value":20000}
{"@timestamp":"2025-08-20T17:23:17.0964362+03:00","@version":"1","message":"ChangeSet db/changelog/v1.0/01-init-db-schema.yml::init_db_schema::Filipp Stavcev ran successfully in 96ms","logger_name":"liquibase.changelog","thread_name":"main","level":"INFO","level_value":20000}
{"@timestamp":"2025-08-20T17:23:17.1080975+03:00","@version":"1","message":"ChangeSet db/changelog/changelog-master.yml::add-uuid-generation-to-dms-insurance::Azimov Ruslan ran successfully in 4ms","logger_name":"liquibase.changelog","thread_name":"main","level":"INFO","level_value":20000}
{"@timestamp":"2025-08-20T17:23:17.1281786+03:00","@version":"1","message":"Custom SQL executed","logger_name":"liquibase.changelog","thread_name":"main","level":"INFO","level_value":20000}
{"@timestamp":"2025-08-20T17:23:17.1314842+03:00","@version":"1","message":"ChangeSet db/changelog/v1.0/02-add-uuid-generation-to-dms-insurance.yml::addUuidGeneration::Azimov Ruslan ran successfully in 16ms","logger_name":"liquibase.changelog","thread_name":"main","level":"INFO","level_value":20000}
{"@timestamp":"2025-08-20T17:23:17.1423808+03:00","@version":"1","message":"ChangeSet db/changelog/changelog-master.yml::drop-dms-insurance-constraint::Azimov Ruslan ran successfully in 4ms","logger_name":"liquibase.changelog","thread_name":"main","level":"INFO","level_value":20000}
{"@timestamp":"2025-08-20T17:23:17.1553517+03:00","@version":"1","message":"Null constraint dropped from dms_insurance.rejection_report","logger_name":"liquibase.changelog","thread_name":"main","level":"INFO","level_value":20000}
{"@timestamp":"2025-08-20T17:23:17.1580668+03:00","@version":"1","message":"ChangeSet db/changelog/v1.0/03-drop-dms-insurance-constraint.yml::drop-rejection-report-constraint::Azimov Ruslan ran successfully in 9ms","logger_name":"liquibase.changelog","thread_name":"main","level":"INFO","level_value":20000}
{"@timestamp":"2025-08-20T17:23:17.168876+03:00","@version":"1","message":"ChangeSet db/changelog/changelog-master.yml::transfer_to_dms_schema::Aleksandr_Bratchin ran successfully in 3ms","logger_name":"liquibase.changelog","thread_name":"main","level":"INFO","level_value":20000}
{"@timestamp":"2025-08-20T17:23:17.1830849+03:00","@version":"1","message":"schema \"dms_service\" already exists, skipping","logger_name":"liquibase.executor","thread_name":"main","level":"WARN","level_value":30000}
{"@timestamp":"2025-08-20T17:23:17.1830849+03:00","@version":"1","message":"SQL in file classpath:db/changelog/v1.0/sql/create-dms-service-schema.sql executed","logger_name":"liquibase.changelog","thread_name":"main","level":"INFO","level_value":20000}
{"@timestamp":"2025-08-20T17:23:17.1850838+03:00","@version":"1","message":"ChangeSet db/changelog/v1.0/04-create-dms-service-schema.yml::create_dms_service_schema::Aleksandr_Bratchin ran successfully in 10ms","logger_name":"liquibase.changelog","thread_name":"main","level":"INFO","level_value":20000}
{"@timestamp":"2025-08-20T17:23:17.1959008+03:00","@version":"1","message":"ChangeSet db/changelog/changelog-master.yml::created_dms_claim_table::Victor_Vityushov ran successfully in 3ms","logger_name":"liquibase.changelog","thread_name":"main","level":"INFO","level_value":20000}
{"@timestamp":"2025-08-20T17:23:17.2140892+03:00","@version":"1","message":"SQL in file classpath:db/changelog/v1.0/sql/created-enums-for-table-dms-payment.sql executed","logger_name":"liquibase.changelog","thread_name":"main","level":"INFO","level_value":20000}
{"@timestamp":"2025-08-20T17:23:17.2296187+03:00","@version":"1","message":"Table dms_claim created","logger_name":"liquibase.changelog","thread_name":"main","level":"INFO","level_value":20000}
{"@timestamp":"2025-08-20T17:23:17.2333626+03:00","@version":"1","message":"ChangeSet db/changelog/v1.0/06-created-dms-claim-table.yml::created_dms_payment_table::Victor_Vityushov ran successfully in 28ms","logger_name":"liquibase.changelog","thread_name":"main","level":"INFO","level_value":20000}
{"@timestamp":"2025-08-20T17:23:17.24241+03:00","@version":"1","message":"ChangeSet db/changelog/changelog-master.yml::add_dms_agreement_value_to_agreement::Valerii_Remizov ran successfully in 3ms","logger_name":"liquibase.changelog","thread_name":"main","level":"INFO","level_value":20000}
{"@timestamp":"2025-08-20T17:23:17.2564073+03:00","@version":"1","message":"SQL in file db/changelog/v1.0/sql/add_dms_agreement_number_to_agreement.sql executed","logger_name":"liquibase.changelog","thread_name":"main","level":"INFO","level_value":20000}
{"@timestamp":"2025-08-20T17:23:17.2595721+03:00","@version":"1","message":"ChangeSet db/changelog/v1.0/07-add_dms_agreement_number_to_agreement.yml::add_dms_agreement_value_to_agreement::Valerii_Remizov ran successfully in 10ms","logger_name":"liquibase.changelog","thread_name":"main","level":"INFO","level_value":20000}
{"@timestamp":"2025-08-20T17:23:17.2680739+03:00","@version":"1","message":"ChangeSet db/changelog/changelog-master.yml::generate_dms_agreement_number_sql::Valerii_Remizov ran successfully in 3ms","logger_name":"liquibase.changelog","thread_name":"main","level":"INFO","level_value":20000}
{"@timestamp":"2025-08-20T17:23:17.3305824+03:00","@version":"1","message":"SQL in file classpath:db/changelog/v1.0/sql/generate-dms-agreement-number.sql executed","logger_name":"liquibase.changelog","thread_name":"main","level":"INFO","level_value":20000}
{"@timestamp":"2025-08-20T17:23:17.3343263+03:00","@version":"1","message":"ChangeSet db/changelog/v1.0/08-generate-dms-agreement-number.yml::generate_dms_agreement_number_sql::Valerii_Remizov ran successfully in 59ms","logger_name":"liquibase.changelog","thread_name":"main","level":"INFO","level_value":20000}
{"@timestamp":"2025-08-20T17:23:17.346075+03:00","@version":"1","message":"ChangeSet db/changelog/changelog-master.yml::drop-column-to-dms-insurance-client-id::Ruslan_Radevich ran successfully in 4ms","logger_name":"liquibase.changelog","thread_name":"main","level":"INFO","level_value":20000}
{"@timestamp":"2025-08-20T17:23:17.3677429+03:00","@version":"1","message":"Column dms_insurance.client_id dropped","logger_name":"liquibase.changelog","thread_name":"main","level":"INFO","level_value":20000}
{"@timestamp":"2025-08-20T17:23:17.370971+03:00","@version":"1","message":"ChangeSet db/changelog/v1.0/09-drop-column-to-dms-insurance-client-id.yml::09-drop-column-to-dms-insurance-client-id::Ruslan_Radevich ran successfully in 18ms","logger_name":"liquibase.changelog","thread_name":"main","level":"INFO","level_value":20000}
{"@timestamp":"2025-08-20T17:23:17.381231+03:00","@version":"1","message":"ChangeSet db/changelog/changelog-master.yml::update_and_set_default_creation_date::Ruslan_Radevich ran successfully in 3ms","logger_name":"liquibase.changelog","thread_name":"main","level":"INFO","level_value":20000}
{"@timestamp":"2025-08-20T17:23:17.394348+03:00","@version":"1","message":"Default value added to dms_insurance.creation_date","logger_name":"liquibase.changelog","thread_name":"main","level":"INFO","level_value":20000}
{"@timestamp":"2025-08-20T17:23:17.3977461+03:00","@version":"1","message":"ChangeSet db/changelog/v1.0/10-update-and-set-default-creation-date.yml::update_and_set_default_creation_date::Ruslan_Radevich ran successfully in 9ms","logger_name":"liquibase.changelog","thread_name":"main","level":"INFO","level_value":20000}
{"@timestamp":"2025-08-20T17:23:17.4075266+03:00","@version":"1","message":"ChangeSet db/changelog/changelog-master.yml::created_dependent_person_table::Evgeniy Rusakov ran successfully in 3ms","logger_name":"liquibase.changelog","thread_name":"main","level":"INFO","level_value":20000}
{"@timestamp":"2025-08-20T17:23:17.4269864+03:00","@version":"1","message":"SQL in file classpath:db/changelog/v1.0/sql/created-enums-for-table-dependent-person.sql executed","logger_name":"liquibase.changelog","thread_name":"main","level":"INFO","level_value":20000}
{"@timestamp":"2025-08-20T17:23:17.4423066+03:00","@version":"1","message":"Table dependent_person created","logger_name":"liquibase.changelog","thread_name":"main","level":"INFO","level_value":20000}
{"@timestamp":"2025-08-20T17:23:17.4573277+03:00","@version":"1","message":"Table confirmation_document created","logger_name":"liquibase.changelog","thread_name":"main","level":"INFO","level_value":20000}
{"@timestamp":"2025-08-20T17:23:17.4685412+03:00","@version":"1","message":"Foreign key constraint added to confirmation_document (dependent_person_id)","logger_name":"liquibase.changelog","thread_name":"main","level":"INFO","level_value":20000}
{"@timestamp":"2025-08-20T17:23:17.4722826+03:00","@version":"1","message":"ChangeSet db/changelog/v1.0/11-created_dependent_person_table.yml::created_dependent_person_table::Evgeniy Rusakov ran successfully in 54ms","logger_name":"liquibase.changelog","thread_name":"main","level":"INFO","level_value":20000}
{"@timestamp":"2025-08-20T17:23:17.4813726+03:00","@version":"1","message":"ChangeSet db/changelog/changelog-master.yml::add_dependent_person_to_insurance::Evgeniy Rusakov ran successfully in 3ms","logger_name":"liquibase.changelog","thread_name":"main","level":"INFO","level_value":20000}
{"@timestamp":"2025-08-20T17:23:17.4974822+03:00","@version":"1","message":"Columns dependent_person_id(UUID),is_insured_person_self(BOOLEAN) added to dms_insurance","logger_name":"liquibase.changelog","thread_name":"main","level":"INFO","level_value":20000}
{"@timestamp":"2025-08-20T17:23:17.5028503+03:00","@version":"1","message":"Foreign key constraint added to dms_insurance (dependent_person_id)","logger_name":"liquibase.changelog","thread_name":"main","level":"INFO","level_value":20000}
{"@timestamp":"2025-08-20T17:23:17.5060723+03:00","@version":"1","message":"ChangeSet db/changelog/v1.0/12-add_dependent_person_to_insurance.yml::add_dependent_person_to_insurance::Evgeniy Rusakov ran successfully in 18ms","logger_name":"liquibase.changelog","thread_name":"main","level":"INFO","level_value":20000}
{"@timestamp":"2025-08-20T17:23:17.5154327+03:00","@version":"1","message":"ChangeSet db/changelog/changelog-master.yml::add_column_claim_amount_dms_in_dms_claim::Evgeniy Rusakov ran successfully in 3ms","logger_name":"liquibase.changelog","thread_name":"main","level":"INFO","level_value":20000}
{"@timestamp":"2025-08-20T17:23:17.5258025+03:00","@version":"1","message":"Columns claim_amount_dms(DECIMAL(13,2)) added to dms_claim","logger_name":"liquibase.changelog","thread_name":"main","level":"INFO","level_value":20000}
{"@timestamp":"2025-08-20T17:23:17.529069+03:00","@version":"1","message":"ChangeSet db/changelog/v1.0/13-add_column_claim_amount_dms_in_dms_claim.yml::add_column_claim_amount_dms_in_dms_claim::Evgeniy Rusakov ran successfully in 9ms","logger_name":"liquibase.changelog","thread_name":"main","level":"INFO","level_value":20000}
{"@timestamp":"2025-08-20T17:23:17.5393915+03:00","@version":"1","message":"ChangeSet db/changelog/changelog-master.yml::add_dms_insurance_sumInsurance_to_dms_insurance.sql::Ruslan Radevich ran successfully in 4ms","logger_name":"liquibase.changelog","thread_name":"main","level":"INFO","level_value":20000}
{"@timestamp":"2025-08-20T17:23:17.5533353+03:00","@version":"1","message":"SQL in file db/changelog/v1.0/sql/add_dms_insurance_sumInsurance_to_dms_insurance.sql executed","logger_name":"liquibase.changelog","thread_name":"main","level":"INFO","level_value":20000}
{"@timestamp":"2025-08-20T17:23:17.5565187+03:00","@version":"1","message":"ChangeSet db/changelog/v1.0/14_add_dms_insurance_sumInsurance_to_dms_insurance.yml::add_dms_insurance_sumInsurance_to_dms_insurance::Ruslan Radevich ran successfully in 9ms","logger_name":"liquibase.changelog","thread_name":"main","level":"INFO","level_value":20000}
{"@timestamp":"2025-08-20T17:23:17.5683314+03:00","@version":"1","message":"ChangeSet db/changelog/changelog-master.yml::delete_column_parent_dms_insurance_id_in_dms_insurance::Evgeniy Rusakov ran successfully in 4ms","logger_name":"liquibase.changelog","thread_name":"main","level":"INFO","level_value":20000}
{"@timestamp":"2025-08-20T17:23:17.584024+03:00","@version":"1","message":"Column dms_insurance.parent_dms_insurance_id dropped","logger_name":"liquibase.changelog","thread_name":"main","level":"INFO","level_value":20000}
{"@timestamp":"2025-08-20T17:23:17.5868966+03:00","@version":"1","message":"ChangeSet db/changelog/v1.0/15_delete_column_parent_dms_insurance_id_in_dms_insurance.yml::delete_column_parent_dms_insurance_id_in_dms_insurance::Evgeniy Rusakov ran successfully in 12ms","logger_name":"liquibase.changelog","thread_name":"main","level":"INFO","level_value":20000}
{"@timestamp":"2025-08-20T17:23:17.5967288+03:00","@version":"1","message":"ChangeSet db/changelog/changelog-master.yml::create outbox table::Nikolai Fufaev ran successfully in 4ms","logger_name":"liquibase.changelog","thread_name":"main","level":"INFO","level_value":20000}
{"@timestamp":"2025-08-20T17:23:17.6157097+03:00","@version":"1","message":"SQL in file db/changelog/v1.0/sql/created_enum_outboxstatus.sql executed","logger_name":"liquibase.changelog","thread_name":"main","level":"INFO","level_value":20000}
{"@timestamp":"2025-08-20T17:23:17.6199918+03:00","@version":"1","message":"table \"outbox\" does not exist, skipping","logger_name":"liquibase.executor","thread_name":"main","level":"WARN","level_value":30000}
{"@timestamp":"2025-08-20T17:23:17.6205022+03:00","@version":"1","message":"Custom SQL executed","logger_name":"liquibase.changelog","thread_name":"main","level":"INFO","level_value":20000}
{"@timestamp":"2025-08-20T17:23:17.6367459+03:00","@version":"1","message":"Table outbox created","logger_name":"liquibase.changelog","thread_name":"main","level":"INFO","level_value":20000}
{"@timestamp":"2025-08-20T17:23:17.6407459+03:00","@version":"1","message":"ChangeSet db/changelog/v1.0/16_create_outbox_table.yml::create_outbox_table::Nikolai Fufaev ran successfully in 34ms","logger_name":"liquibase.changelog","thread_name":"main","level":"INFO","level_value":20000}
{"@timestamp":"2025-08-20T17:23:17.6507477+03:00","@version":"1","message":"ChangeSet db/changelog/changelog-master.yml::create shedlock table::Nikolai Fufaev ran successfully in 4ms","logger_name":"liquibase.changelog","thread_name":"main","level":"INFO","level_value":20000}
{"@timestamp":"2025-08-20T17:23:17.6623497+03:00","@version":"1","message":"table \"shedlock\" does not exist, skipping","logger_name":"liquibase.executor","thread_name":"main","level":"WARN","level_value":30000}
{"@timestamp":"2025-08-20T17:23:17.6628854+03:00","@version":"1","message":"Custom SQL executed","logger_name":"liquibase.changelog","thread_name":"main","level":"INFO","level_value":20000}
{"@timestamp":"2025-08-20T17:23:17.673821+03:00","@version":"1","message":"Table shedlock created","logger_name":"liquibase.changelog","thread_name":"main","level":"INFO","level_value":20000}
{"@timestamp":"2025-08-20T17:23:17.6759411+03:00","@version":"1","message":"ChangeSet db/changelog/v1.0/17_create_shedlock_table.yml::create_shedlock_table::Nikolai Fufaev ran successfully in 18ms","logger_name":"liquibase.changelog","thread_name":"main","level":"INFO","level_value":20000}
{"@timestamp":"2025-08-20T17:23:17.6849402+03:00","@version":"1","message":"ChangeSet db/changelog/changelog-master.yml::fix outbox status column schema::Nikolai Fufaev ran successfully in 3ms","logger_name":"liquibase.changelog","thread_name":"main","level":"INFO","level_value":20000}
{"@timestamp":"2025-08-20T17:23:17.7119406+03:00","@version":"1","message":"Custom SQL executed","logger_name":"liquibase.changelog","thread_name":"main","level":"INFO","level_value":20000}
{"@timestamp":"2025-08-20T17:23:17.7480862+03:00","@version":"1","message":"ChangeSet db/changelog/v1.0/18_fix_outbox_status_column_schema.yml::fix_outbox_status_column_schema::Nikolai Fufaev ran successfully in 59ms","logger_name":"liquibase.changelog","thread_name":"main","level":"INFO","level_value":20000}
{"@timestamp":"2025-08-20T17:23:17.7594985+03:00","@version":"1","message":"UPDATE SUMMARY","logger_name":"liquibase.util","thread_name":"main","level":"INFO","level_value":20000}
{"@timestamp":"2025-08-20T17:23:17.760053+03:00","@version":"1","message":"Run:                         34","logger_name":"liquibase.util","thread_name":"main","level":"INFO","level_value":20000}
{"@timestamp":"2025-08-20T17:23:17.760053+03:00","@version":"1","message":"Previously run:               0","logger_name":"liquibase.util","thread_name":"main","level":"INFO","level_value":20000}
{"@timestamp":"2025-08-20T17:23:17.760053+03:00","@version":"1","message":"Filtered out:                 0","logger_name":"liquibase.util","thread_name":"main","level":"INFO","level_value":20000}
{"@timestamp":"2025-08-20T17:23:17.760053+03:00","@version":"1","message":"-------------------------------","logger_name":"liquibase.util","thread_name":"main","level":"INFO","level_value":20000}
{"@timestamp":"2025-08-20T17:23:17.760053+03:00","@version":"1","message":"Total change sets:           34","logger_name":"liquibase.util","thread_name":"main","level":"INFO","level_value":20000}
{"@timestamp":"2025-08-20T17:23:17.7606033+03:00","@version":"1","message":"Update summary generated","logger_name":"liquibase.util","thread_name":"main","level":"INFO","level_value":20000}
{"@timestamp":"2025-08-20T17:23:17.7633473+03:00","@version":"1","message":"Update command completed successfully.","logger_name":"liquibase.command","thread_name":"main","level":"INFO","level_value":20000}
{"@timestamp":"2025-08-20T17:23:17.7713748+03:00","@version":"1","message":"Successfully released change log lock","logger_name":"liquibase.lockservice","thread_name":"main","level":"INFO","level_value":20000}
{"@timestamp":"2025-08-20T17:23:17.77411+03:00","@version":"1","message":"Command execution complete","logger_name":"liquibase.command","thread_name":"main","level":"INFO","level_value":20000}
{"@timestamp":"2025-08-20T17:23:17.9430106+03:00","@version":"1","message":"HHH000204: Processing PersistenceUnitInfo [name: default]","logger_name":"org.hibernate.jpa.internal.util.LogHelper","thread_name":"main","level":"INFO","level_value":20000}
{"@timestamp":"2025-08-20T17:23:18.0687557+03:00","@version":"1","message":"HHH000412: Hibernate ORM core version 6.4.4.Final","logger_name":"org.hibernate.Version","thread_name":"main","level":"INFO","level_value":20000}
{"@timestamp":"2025-08-20T17:23:18.129628+03:00","@version":"1","message":"HHH000026: Second-level cache disabled","logger_name":"org.hibernate.cache.internal.RegionFactoryInitiator","thread_name":"main","level":"INFO","level_value":20000}
{"@timestamp":"2025-08-20T17:23:18.5796822+03:00","@version":"1","message":"No LoadTimeWeaver setup: ignoring JPA class transformer","logger_name":"org.springframework.orm.jpa.persistenceunit.SpringPersistenceUnitInfo","thread_name":"main","level":"INFO","level_value":20000}
{"@timestamp":"2025-08-20T17:23:20.9817796+03:00","@version":"1","message":"HHH000489: No JTA platform available (set 'hibernate.transaction.jta.platform' to enable JTA platform integration)","logger_name":"org.hibernate.engine.transaction.jta.platform.internal.JtaPlatformInitiator","thread_name":"main","level":"INFO","level_value":20000}
{"@timestamp":"2025-08-20T17:23:20.9893103+03:00","@version":"1","message":"Initialized JPA EntityManagerFactory for persistence unit 'default'","logger_name":"org.springframework.orm.jpa.LocalContainerEntityManagerFactoryBean","thread_name":"main","level":"INFO","level_value":20000}
{"@timestamp":"2025-08-20T17:23:21.6195724+03:00","@version":"1","message":"Hibernate is in classpath; If applicable, HQL parser will be used.","logger_name":"org.springframework.data.jpa.repository.query.QueryEnhancerFactory","thread_name":"main","level":"INFO","level_value":20000}
{"@timestamp":"2025-08-20T17:23:22.5792958+03:00","@version":"1","message":"spring.jpa.open-in-view is enabled by default. Therefore, database queries may be performed during view rendering. Explicitly configure spring.jpa.open-in-view to disable this warning","logger_name":"org.springframework.boot.autoconfigure.orm.jpa.JpaBaseConfiguration$JpaWebConfiguration","thread_name":"main","level":"WARN","level_value":30000}
{"@timestamp":"2025-08-20T17:23:22.8663027+03:00","@version":"1","message":"For 'mongo-db' URL not provided. Will try picking an instance via load-balancing.","logger_name":"org.springframework.cloud.openfeign.FeignClientFactoryBean","thread_name":"main","level":"INFO","level_value":20000}
{"@timestamp":"2025-08-20T17:23:26.1530159+03:00","@version":"1","message":"Eureka HTTP Client uses RestTemplate.","logger_name":"org.springframework.cloud.netflix.eureka.config.DiscoveryClientOptionalArgsConfiguration","thread_name":"main","level":"INFO","level_value":20000}
{"@timestamp":"2025-08-20T17:23:26.2323527+03:00","@version":"1","message":"Spring Cloud LoadBalancer is currently working with the default cache. While this cache implementation is useful for development and tests, it's recommended to use Caffeine cache in production.You can switch to using Caffeine cache, by adding it and org.springframework.cache.caffeine.CaffeineCacheManager to the classpath.","logger_name":"org.springframework.cloud.loadbalancer.config.LoadBalancerCacheAutoConfiguration$LoadBalancerCaffeineWarnLogger","thread_name":"main","level":"WARN","level_value":30000}
{"@timestamp":"2025-08-20T17:23:26.2554734+03:00","@version":"1","message":"Exposing 1 endpoint(s) beneath base path '/actuator'","logger_name":"org.springframework.boot.actuate.endpoint.web.EndpointLinksResolver","thread_name":"main","level":"INFO","level_value":20000}
{"@timestamp":"2025-08-20T17:23:26.4015176+03:00","@version":"1","message":"AdminClientConfig values: \r\n\tauto.include.jmx.reporter = true\r\n\tbootstrap.servers = [localhost:9092]\r\n\tclient.dns.lookup = use_all_dns_ips\r\n\tclient.id = \r\n\tconnections.max.idle.ms = 300000\r\n\tdefault.api.timeout.ms = 60000\r\n\tmetadata.max.age.ms = 300000\r\n\tmetric.reporters = []\r\n\tmetrics.num.samples = 2\r\n\tmetrics.recording.level = INFO\r\n\tmetrics.sample.window.ms = 30000\r\n\treceive.buffer.bytes = 65536\r\n\treconnect.backoff.max.ms = 1000\r\n\treconnect.backoff.ms = 50\r\n\trequest.timeout.ms = 30000\r\n\tretries = 2147483647\r\n\tretry.backoff.ms = 100\r\n\tsasl.client.callback.handler.class = null\r\n\tsasl.jaas.config = null\r\n\tsasl.kerberos.kinit.cmd = /usr/bin/kinit\r\n\tsasl.kerberos.min.time.before.relogin = 60000\r\n\tsasl.kerberos.service.name = null\r\n\tsasl.kerberos.ticket.renew.jitter = 0.05\r\n\tsasl.kerberos.ticket.renew.window.factor = 0.8\r\n\tsasl.login.callback.handler.class = null\r\n\tsasl.login.class = null\r\n\tsasl.login.connect.timeout.ms = null\r\n\tsasl.login.read.timeout.ms = null\r\n\tsasl.login.refresh.buffer.seconds = 300\r\n\tsasl.login.refresh.min.period.seconds = 60\r\n\tsasl.login.refresh.window.factor = 0.8\r\n\tsasl.login.refresh.window.jitter = 0.05\r\n\tsasl.login.retry.backoff.max.ms = 10000\r\n\tsasl.login.retry.backoff.ms = 100\r\n\tsasl.mechanism = GSSAPI\r\n\tsasl.oauthbearer.clock.skew.seconds = 30\r\n\tsasl.oauthbearer.expected.audience = null\r\n\tsasl.oauthbearer.expected.issuer = null\r\n\tsasl.oauthbearer.jwks.endpoint.refresh.ms = 3600000\r\n\tsasl.oauthbearer.jwks.endpoint.retry.backoff.max.ms = 10000\r\n\tsasl.oauthbearer.jwks.endpoint.retry.backoff.ms = 100\r\n\tsasl.oauthbearer.jwks.endpoint.url = null\r\n\tsasl.oauthbearer.scope.claim.name = scope\r\n\tsasl.oauthbearer.sub.claim.name = sub\r\n\tsasl.oauthbearer.token.endpoint.url = null\r\n\tsecurity.protocol = PLAINTEXT\r\n\tsecurity.providers = null\r\n\tsend.buffer.bytes = 131072\r\n\tsocket.connection.setup.timeout.max.ms = 30000\r\n\tsocket.connection.setup.timeout.ms = 10000\r\n\tssl.cipher.suites = null\r\n\tssl.enabled.protocols = [TLSv1.2, TLSv1.3]\r\n\tssl.endpoint.identification.algorithm = https\r\n\tssl.engine.factory.class = null\r\n\tssl.key.password = null\r\n\tssl.keymanager.algorithm = SunX509\r\n\tssl.keystore.certificate.chain = null\r\n\tssl.keystore.key = null\r\n\tssl.keystore.location = null\r\n\tssl.keystore.password = null\r\n\tssl.keystore.type = JKS\r\n\tssl.protocol = TLSv1.3\r\n\tssl.provider = null\r\n\tssl.secure.random.implementation = null\r\n\tssl.trustmanager.algorithm = PKIX\r\n\tssl.truststore.certificates = null\r\n\tssl.truststore.location = null\r\n\tssl.truststore.password = null\r\n\tssl.truststore.type = JKS\r\n","logger_name":"org.apache.kafka.clients.admin.AdminClientConfig","thread_name":"main","level":"INFO","level_value":20000}
{"@timestamp":"2025-08-20T17:23:26.5232369+03:00","@version":"1","message":"Kafka version: 3.6.1","logger_name":"org.apache.kafka.common.utils.AppInfoParser","thread_name":"main","level":"INFO","level_value":20000}
{"@timestamp":"2025-08-20T17:23:26.5232369+03:00","@version":"1","message":"Kafka commitId: 5e3c2b738d253ff5","logger_name":"org.apache.kafka.common.utils.AppInfoParser","thread_name":"main","level":"INFO","level_value":20000}
{"@timestamp":"2025-08-20T17:23:26.5232369+03:00","@version":"1","message":"Kafka startTimeMs: 1755699806521","logger_name":"org.apache.kafka.common.utils.AppInfoParser","thread_name":"main","level":"INFO","level_value":20000}
{"@timestamp":"2025-08-20T17:23:26.5472333+03:00","@version":"1","message":"[AdminClient clientId=adminclient-1] Node -1 disconnected.","logger_name":"org.apache.kafka.clients.NetworkClient","thread_name":"kafka-admin-client-thread | adminclient-1","level":"INFO","level_value":20000}
{"@timestamp":"2025-08-20T17:23:26.5502344+03:00","@version":"1","message":"[AdminClient clientId=adminclient-1] Connection to node -1 (localhost/127.0.0.1:9092) could not be established. Broker may not be available.","logger_name":"org.apache.kafka.clients.NetworkClient","thread_name":"kafka-admin-client-thread | adminclient-1","level":"WARN","level_value":30000}
{"@timestamp":"2025-08-20T17:23:26.6539991+03:00","@version":"1","message":"[AdminClient clientId=adminclient-1] Node -1 disconnected.","logger_name":"org.apache.kafka.clients.NetworkClient","thread_name":"kafka-admin-client-thread | adminclient-1","level":"INFO","level_value":20000}
{"@timestamp":"2025-08-20T17:23:26.6539991+03:00","@version":"1","message":"[AdminClient clientId=adminclient-1] Connection to node -1 (localhost/127.0.0.1:9092) could not be established. Broker may not be available.","logger_name":"org.apache.kafka.clients.NetworkClient","thread_name":"kafka-admin-client-thread | adminclient-1","level":"WARN","level_value":30000}
{"@timestamp":"2025-08-20T17:23:26.7608635+03:00","@version":"1","message":"[AdminClient clientId=adminclient-1] Node -1 disconnected.","logger_name":"org.apache.kafka.clients.NetworkClient","thread_name":"kafka-admin-client-thread | adminclient-1","level":"INFO","level_value":20000}
{"@timestamp":"2025-08-20T17:23:26.7608635+03:00","@version":"1","message":"[AdminClient clientId=adminclient-1] Connection to node -1 (localhost/127.0.0.1:9092) could not be established. Broker may not be available.","logger_name":"org.apache.kafka.clients.NetworkClient","thread_name":"kafka-admin-client-thread | adminclient-1","level":"WARN","level_value":30000}
{"@timestamp":"2025-08-20T17:23:27.0876806+03:00","@version":"1","message":"[AdminClient clientId=adminclient-1] Node -1 disconnected.","logger_name":"org.apache.kafka.clients.NetworkClient","thread_name":"kafka-admin-client-thread | adminclient-1","level":"INFO","level_value":20000}
{"@timestamp":"2025-08-20T17:23:27.0876806+03:00","@version":"1","message":"[AdminClient clientId=adminclient-1] Connection to node -1 (localhost/127.0.0.1:9092) could not be established. Broker may not be available.","logger_name":"org.apache.kafka.clients.NetworkClient","thread_name":"kafka-admin-client-thread | adminclient-1","level":"WARN","level_value":30000}
{"@timestamp":"2025-08-20T17:23:27.5211978+03:00","@version":"1","message":"[AdminClient clientId=adminclient-1] Node -1 disconnected.","logger_name":"org.apache.kafka.clients.NetworkClient","thread_name":"kafka-admin-client-thread | adminclient-1","level":"INFO","level_value":20000}
{"@timestamp":"2025-08-20T17:23:27.5211978+03:00","@version":"1","message":"[AdminClient clientId=adminclient-1] Connection to node -1 (localhost/127.0.0.1:9092) could not be established. Broker may not be available.","logger_name":"org.apache.kafka.clients.NetworkClient","thread_name":"kafka-admin-client-thread | adminclient-1","level":"WARN","level_value":30000}
{"@timestamp":"2025-08-20T17:23:28.3882159+03:00","@version":"1","message":"[AdminClient clientId=adminclient-1] Node -1 disconnected.","logger_name":"org.apache.kafka.clients.NetworkClient","thread_name":"kafka-admin-client-thread | adminclient-1","level":"INFO","level_value":20000}
{"@timestamp":"2025-08-20T17:23:28.3882159+03:00","@version":"1","message":"[AdminClient clientId=adminclient-1] Connection to node -1 (localhost/127.0.0.1:9092) could not be established. Broker may not be available.","logger_name":"org.apache.kafka.clients.NetworkClient","thread_name":"kafka-admin-client-thread | adminclient-1","level":"WARN","level_value":30000}
{"@timestamp":"2025-08-20T17:23:29.47381+03:00","@version":"1","message":"[AdminClient clientId=adminclient-1] Node -1 disconnected.","logger_name":"org.apache.kafka.clients.NetworkClient","thread_name":"kafka-admin-client-thread | adminclient-1","level":"INFO","level_value":20000}
{"@timestamp":"2025-08-20T17:23:29.47381+03:00","@version":"1","message":"[AdminClient clientId=adminclient-1] Connection to node -1 (localhost/127.0.0.1:9092) could not be established. Broker may not be available.","logger_name":"org.apache.kafka.clients.NetworkClient","thread_name":"kafka-admin-client-thread | adminclient-1","level":"WARN","level_value":30000}
{"@timestamp":"2025-08-20T17:23:30.5596138+03:00","@version":"1","message":"[AdminClient clientId=adminclient-1] Node -1 disconnected.","logger_name":"org.apache.kafka.clients.NetworkClient","thread_name":"kafka-admin-client-thread | adminclient-1","level":"INFO","level_value":20000}
{"@timestamp":"2025-08-20T17:23:30.5606192+03:00","@version":"1","message":"[AdminClient clientId=adminclient-1] Connection to node -1 (localhost/127.0.0.1:9092) could not be established. Broker may not be available.","logger_name":"org.apache.kafka.clients.NetworkClient","thread_name":"kafka-admin-client-thread | adminclient-1","level":"WARN","level_value":30000}
{"@timestamp":"2025-08-20T17:23:31.5420468+03:00","@version":"1","message":"[AdminClient clientId=adminclient-1] Node -1 disconnected.","logger_name":"org.apache.kafka.clients.NetworkClient","thread_name":"kafka-admin-client-thread | adminclient-1","level":"INFO","level_value":20000}
{"@timestamp":"2025-08-20T17:23:31.5420468+03:00","@version":"1","message":"[AdminClient clientId=adminclient-1] Connection to node -1 (localhost/127.0.0.1:9092) could not be established. Broker may not be available.","logger_name":"org.apache.kafka.clients.NetworkClient","thread_name":"kafka-admin-client-thread | adminclient-1","level":"WARN","level_value":30000}
{"@timestamp":"2025-08-20T17:23:32.7332786+03:00","@version":"1","message":"[AdminClient clientId=adminclient-1] Node -1 disconnected.","logger_name":"org.apache.kafka.clients.NetworkClient","thread_name":"kafka-admin-client-thread | adminclient-1","level":"INFO","level_value":20000}
{"@timestamp":"2025-08-20T17:23:32.7342889+03:00","@version":"1","message":"[AdminClient clientId=adminclient-1] Connection to node -1 (localhost/127.0.0.1:9092) could not be established. Broker may not be available.","logger_name":"org.apache.kafka.clients.NetworkClient","thread_name":"kafka-admin-client-thread | adminclient-1","level":"WARN","level_value":30000}
{"@timestamp":"2025-08-20T17:23:33.9241215+03:00","@version":"1","message":"[AdminClient clientId=adminclient-1] Node -1 disconnected.","logger_name":"org.apache.kafka.clients.NetworkClient","thread_name":"kafka-admin-client-thread | adminclient-1","level":"INFO","level_value":20000}
{"@timestamp":"2025-08-20T17:23:33.9241215+03:00","@version":"1","message":"[AdminClient clientId=adminclient-1] Connection to node -1 (localhost/127.0.0.1:9092) could not be established. Broker may not be available.","logger_name":"org.apache.kafka.clients.NetworkClient","thread_name":"kafka-admin-client-thread | adminclient-1","level":"WARN","level_value":30000}
{"@timestamp":"2025-08-20T17:23:35.0109351+03:00","@version":"1","message":"[AdminClient clientId=adminclient-1] Node -1 disconnected.","logger_name":"org.apache.kafka.clients.NetworkClient","thread_name":"kafka-admin-client-thread | adminclient-1","level":"INFO","level_value":20000}
{"@timestamp":"2025-08-20T17:23:35.0109351+03:00","@version":"1","message":"[AdminClient clientId=adminclient-1] Connection to node -1 (localhost/127.0.0.1:9092) could not be established. Broker may not be available.","logger_name":"org.apache.kafka.clients.NetworkClient","thread_name":"kafka-admin-client-thread | adminclient-1","level":"WARN","level_value":30000}
